<?xml version="1.0" encoding="UTF-8"?>
<!-- Generated by org.testng.reporters.JUnitReportReporter -->
<testsuite hostname="AELTA000MON06" failures="0" tests="8" name="cos_Test.COS_TestCases" time="5.642" errors="0" timestamp="2023-10-06T14:49:55 IST" skipped="7">
  <testcase classname="cos_Test.COS_TestCases" name="Login" time="5.642">
    <system-out>
      <![CDATA[Login Test Passed.]]>
    </system-out>
  </testcase> <!-- Login -->
  <testcase classname="cos_Test.COS_TestCases" name="CosConsole">
    <skipped/>
  </testcase> <!-- CosConsole -->
  <testcase classname="cos_Test.COS_TestCases" name="Cancellation">
    <skipped/>
  </testcase> <!-- Cancellation -->
  <testcase classname="cos_Test.COS_TestCases" name="SlotPanelClick">
    <skipped/>
  </testcase> <!-- SlotPanelClick -->
  <testcase classname="cos_Test.COS_TestCases" name="Returns">
    <skipped/>
  </testcase> <!-- Returns -->
  <testcase classname="cos_Test.COS_TestCases" name="CustCancellation">
    <skipped/>
  </testcase> <!-- CustCancellation -->
  <testcase classname="cos_Test.COS_TestCases" name="SlotChangeChecks">
    <skipped/>
  </testcase> <!-- SlotChangeChecks -->
  <testcase classname="cos_Test.COS_TestCases" name="CosOrderSearch">
    <skipped/>
  </testcase> <!-- CosOrderSearch -->
  <system-out>
    <![CDATA[*=*=* BROWSER SESSION STARTED *=*=*

Login Test Passed.

*=*=* BROWSER SESSION END *=*=*]]>
  </system-out>
</testsuite> <!-- cos_Test.COS_TestCases -->
