<?xml version="1.0" encoding="UTF-8"?>
<!-- Generated by org.testng.reporters.JUnitReportReporter -->
<testsuite hostname="AELTA000MON06" failures="0" tests="1" name="enterprise_workbench.LoginToEnterprise" time="5.656" errors="0" timestamp="2023-09-29T17:25:18 IST" skipped="0">
  <testcase classname="enterprise_workbench.LoginToEnterprise" name="Login" time="5.656"/>
  <system-out>
    <![CDATA[*=*=* BROWSER SESSION STARTED *=*=*
*=*=* BROWSER SESSION END *=*=*]]>
  </system-out>
</testsuite> <!-- enterprise_workbench.LoginToEnterprise -->
