<?xml version="1.0" encoding="UTF-8"?>
<!-- Generated by org.testng.reporters.JUnitReportReporter -->
<testsuite hostname="AELTA000MON06" failures="0" tests="9" name="cos_Test.COS_TestCases" time="41.359" errors="0" timestamp="2023-10-06T17:06:33 IST" skipped="5">
  <testcase classname="cos_Test.COS_TestCases" name="Login" time="5.632">
    <system-out>
      <![CDATA[Login Test Passed.]]>
    </system-out>
  </testcase> <!-- Login -->
  <testcase classname="cos_Test.COS_TestCases" name="CosConsole" time="9.791">
    <system-out>
      <![CDATA[Clicked on COS Console]]>
    </system-out>
  </testcase> <!-- CosConsole -->
  <testcase classname="cos_Test.COS_TestCases" name="CosOrderSearch" time="8.164"/>
  <testcase classname="cos_Test.COS_TestCases" name="markCancel" time="17.772"/>
  <testcase classname="cos_Test.COS_TestCases" name="Cancellation">
    <skipped/>
  </testcase> <!-- Cancellation -->
  <testcase classname="cos_Test.COS_TestCases" name="SlotChangeChecks">
    <skipped/>
  </testcase> <!-- SlotChangeChecks -->
  <testcase classname="cos_Test.COS_TestCases" name="Returns">
    <skipped/>
  </testcase> <!-- Returns -->
  <testcase classname="cos_Test.COS_TestCases" name="SlotPanelClick">
    <skipped/>
  </testcase> <!-- SlotPanelClick -->
  <testcase classname="cos_Test.COS_TestCases" name="CustCancellation">
    <skipped/>
  </testcase> <!-- CustCancellation -->
  <system-out>
    <![CDATA[*=*=* BROWSER SESSION STARTED *=*=*

Login Test Passed.
Clicked on COS Console

*=*=* BROWSER SESSION END *=*=*]]>
  </system-out>
</testsuite> <!-- cos_Test.COS_TestCases -->
