<?xml version="1.0" encoding="UTF-8"?>
<!-- Generated by org.testng.reporters.JUnitReportReporter -->
<testsuite hostname="AELTA000MON06" failures="0" tests="8" name="cos_Test.COS_TestCases" time="50.651" errors="0" timestamp="2023-10-03T19:17:03 IST" skipped="4">
  <testcase classname="cos_Test.COS_TestCases" name="Login" time="5.620">
    <system-out>
      <![CDATA[Login Test Passed.]]>
    </system-out>
  </testcase> <!-- Login -->
  <testcase classname="cos_Test.COS_TestCases" name="CosConsole" time="0.858">
    <system-out>
      <![CDATA[Clicked on COS Console]]>
    </system-out>
  </testcase> <!-- CosConsole -->
  <testcase classname="cos_Test.COS_TestCases" name="CosOrderSearch" time="5.348">
    <system-out>
      <![CDATA[17998742
Partially Return Invoiced
POSTPAID
01-09-2023]]>
    </system-out>
  </testcase> <!-- CosOrderSearch -->
  <testcase classname="cos_Test.COS_TestCases" name="Returns" time="38.825"/>
  <testcase classname="cos_Test.COS_TestCases" name="Cancellation">
    <skipped/>
  </testcase> <!-- Cancellation -->
  <testcase classname="cos_Test.COS_TestCases" name="SlotPanelClick">
    <skipped/>
  </testcase> <!-- SlotPanelClick -->
  <testcase classname="cos_Test.COS_TestCases" name="CustCancellation">
    <skipped/>
  </testcase> <!-- CustCancellation -->
  <testcase classname="cos_Test.COS_TestCases" name="SlotChangeChecks">
    <skipped/>
  </testcase> <!-- SlotChangeChecks -->
  <system-out>
    <![CDATA[*=*=* BROWSER SESSION STARTED *=*=*
Login Test Passed.
Clicked on COS Console
17998742
Partially Return Invoiced
POSTPAID
01-09-2023
*=*=* BROWSER SESSION END *=*=*]]>
  </system-out>
</testsuite> <!-- cos_Test.COS_TestCases -->
